<?xml version="1.0" encoding="UTF-8"?>
<!-- Generated by org.testng.reporters.JUnitReportReporter -->
<testsuite hostname="nilima-PC" failures="0" tests="1" name="test.PimTest" time="7.727" errors="0" timestamp="2022-08-24T13:18:32 IST" skipped="0">
  <testcase classname="test.PimTest" name="verifyPimPage" time="7.727"/>
  <system-out/>
</testsuite> <!-- test.PimTest -->
