<?xml version="1.0" encoding="UTF-8"?>
<!-- Generated by org.testng.reporters.JUnitReportReporter -->
<testsuite hostname="nilima-PC" failures="0" tests="1" name="test.LoginTest" time="7.888" errors="0" timestamp="2022-08-24T13:18:32 IST" skipped="0">
  <testcase classname="test.LoginTest" name="verifyLogin" time="7.888"/>
  <system-out/>
</testsuite> <!-- test.LoginTest -->
